<?xml version="1.0" encoding="UTF-8"?>
<!-- Generated by org.testng.reporters.JUnitReportReporter -->
<testsuite hostname="DESKTOP-78R43BL" failures="0" tests="1" name="com.autospace.tests.HomePageTest" time="52.517" errors="0" timestamp="2023-08-01T08:46:11 IST" skipped="0">
  <testcase classname="com.autospace.tests.HomePageTest" name="verifyPageTitle" time="52.517"/>
</testsuite> <!-- com.autospace.tests.HomePageTest -->
