<?xml version="1.0" encoding="UTF-8"?>
<!-- Generated by org.testng.reporters.JUnitReportReporter -->
<testsuite hostname="DESKTOP-78R43BL" failures="0" tests="2" name="com.autospace.tests.LoginTest" time="50.996" errors="0" timestamp="2023-08-01T09:04:28 IST" skipped="0">
  <testcase classname="com.autospace.tests.LoginTest" name="bookSearch" time="15.735"/>
  <testcase classname="com.autospace.tests.LoginTest" name="login" time="35.261"/>
</testsuite> <!-- com.autospace.tests.LoginTest -->
