<?xml version="1.0" encoding="UTF-8"?>
<!-- Generated by org.testng.reporters.JUnitReportReporter -->
<testsuite hostname="DESKTOP-78R43BL" failures="0" tests="1" name="com.autospace.dashboard.HomePage" time="57.129" errors="0" timestamp="2023-07-05T09:20:33 IST" skipped="0">
  <testcase classname="com.autospace.dashboard.HomePage" name="verifyPageTitle" time="57.129"/>
</testsuite> <!-- com.autospace.dashboard.HomePage -->
