<?xml version="1.0" encoding="UTF-8"?>
<!-- Generated by org.testng.reporters.JUnitReportReporter -->
<testsuite hostname="DESKTOP-78R43BL" failures="0" tests="1" name="com.autospace.dashboard.LoginTest" time="33.283" errors="0" timestamp="2023-07-12T09:27:06 IST" skipped="0">
  <testcase classname="com.autospace.dashboard.LoginTest" name="login" time="33.283"/>
</testsuite> <!-- com.autospace.dashboard.LoginTest -->
